2020-01-03 15:04:09.576  INFO 13092 --- [restartedMain] com.king.library.LibraryApplication      : Starting LibraryApplication on LAPTOP-GDR07O3F with PID 13092 (E:\ideaspace\library\target\classes started by Yun in E:\ideaspace\library)
2020-01-03 15:04:09.581  INFO 13092 --- [restartedMain] com.king.library.LibraryApplication      : No active profile set, falling back to default profiles: default
2020-01-03 15:04:09.646  INFO 13092 --- [restartedMain] o.s.b.devtools.restart.ChangeableUrls    : The Class-Path manifest attribute in D:\develop\maven-repository\cn\easyproject\orai18n\12.1.0.2.0\orai18n-12.1.0.2.0.jar referenced one or more files that do not exist: file:/D:/develop/maven-repository/cn/easyproject/orai18n/12.1.0.2.0/orai18n-mapping.jar,file:/D:/develop/maven-repository/cn/easyproject/orai18n/12.1.0.2.0/orai18n-utility.jar,file:/D:/develop/maven-repository/cn/easyproject/orai18n/12.1.0.2.0/orai18n-collation.jar,file:/D:/develop/maven-repository/cn/easyproject/orai18n/12.1.0.2.0/orai18n-translation.jar,file:/D:/develop/maven-repository/cn/easyproject/orai18n/12.1.0.2.0/orai18n-net.jar,file:/D:/develop/maven-repository/cn/easyproject/orai18n/12.1.0.2.0/orai18n-servlet.jar,file:/D:/develop/maven-repository/cn/easyproject/orai18n/12.1.0.2.0/orai18n-lcsd.jar,file:/D:/develop/maven-repository/cn/easyproject/orai18n/12.1.0.2.0/orai18n-tools.jar,file:/D:/develop/maven-repository/cn/easyproject/orai18n/12.1.0.2.0/gdk_custom.jar
2020-01-03 15:04:09.647  INFO 13092 --- [restartedMain] .e.DevToolsPropertyDefaultsPostProcessor : Devtools property defaults active! Set 'spring.devtools.add-properties' to 'false' to disable
2020-01-03 15:04:09.647  INFO 13092 --- [restartedMain] .e.DevToolsPropertyDefaultsPostProcessor : For additional web related logging consider setting the 'logging.level.web' property to 'DEBUG'
2020-01-03 15:04:10.579  WARN 13092 --- [restartedMain] o.m.s.mapper.ClassPathMapperScanner      : Skipping MapperFactoryBean with name 'sysMenuMapper' and 'com.king.library.sys.mapper.SysMenuMapper' mapperInterface. Bean already defined with the same name!
2020-01-03 15:04:10.579  WARN 13092 --- [restartedMain] o.m.s.mapper.ClassPathMapperScanner      : Skipping MapperFactoryBean with name 'sysResourcesMapper' and 'com.king.library.sys.mapper.SysResourcesMapper' mapperInterface. Bean already defined with the same name!
2020-01-03 15:04:10.579  WARN 13092 --- [restartedMain] o.m.s.mapper.ClassPathMapperScanner      : Skipping MapperFactoryBean with name 'sysRoleMapper' and 'com.king.library.sys.mapper.SysRoleMapper' mapperInterface. Bean already defined with the same name!
2020-01-03 15:04:10.579  WARN 13092 --- [restartedMain] o.m.s.mapper.ClassPathMapperScanner      : Skipping MapperFactoryBean with name 'sysRoleResourcesMapper' and 'com.king.library.sys.mapper.SysRoleResourcesMapper' mapperInterface. Bean already defined with the same name!
2020-01-03 15:04:10.579  WARN 13092 --- [restartedMain] o.m.s.mapper.ClassPathMapperScanner      : Skipping MapperFactoryBean with name 'sysUserMapper' and 'com.king.library.sys.mapper.SysUserMapper' mapperInterface. Bean already defined with the same name!
2020-01-03 15:04:10.580  WARN 13092 --- [restartedMain] o.m.s.mapper.ClassPathMapperScanner      : Skipping MapperFactoryBean with name 'sysUserRoleMapper' and 'com.king.library.sys.mapper.SysUserRoleMapper' mapperInterface. Bean already defined with the same name!
2020-01-03 15:04:10.580  WARN 13092 --- [restartedMain] o.m.s.mapper.ClassPathMapperScanner      : No MyBatis mapper was found in '[com.king.library.sys.mapper]' package. Please check your configuration.
2020-01-03 15:04:10.719  INFO 13092 --- [restartedMain] trationDelegate$BeanPostProcessorChecker : Bean 'shiroConfiguration' of type [com.king.library.config.shiro.ShiroConfiguration$$EnhancerBySpringCGLIB$$df1d3a27] is not eligible for getting processed by all BeanPostProcessors (for example: not eligible for auto-proxying)
2020-01-03 15:04:11.728  INFO 13092 --- [restartedMain] trationDelegate$BeanPostProcessorChecker : Bean 'mybatis-plus-com.baomidou.mybatisplus.autoconfigure.MybatisPlusProperties' of type [com.baomidou.mybatisplus.autoconfigure.MybatisPlusProperties] is not eligible for getting processed by all BeanPostProcessors (for example: not eligible for auto-proxying)
2020-01-03 15:04:11.732  INFO 13092 --- [restartedMain] trationDelegate$BeanPostProcessorChecker : Bean 'mybatisPlusConfig' of type [com.king.library.config.system.MybatisPlusConfig$$EnhancerBySpringCGLIB$$36b6b5b5] is not eligible for getting processed by all BeanPostProcessors (for example: not eligible for auto-proxying)
2020-01-03 15:04:11.736  INFO 13092 --- [restartedMain] trationDelegate$BeanPostProcessorChecker : Bean 'paginationInterceptor' of type [com.baomidou.mybatisplus.extension.plugins.PaginationInterceptor] is not eligible for getting processed by all BeanPostProcessors (for example: not eligible for auto-proxying)
2020-01-03 15:04:11.744  INFO 13092 --- [restartedMain] trationDelegate$BeanPostProcessorChecker : Bean 'com.baomidou.mybatisplus.autoconfigure.MybatisPlusAutoConfiguration' of type [com.baomidou.mybatisplus.autoconfigure.MybatisPlusAutoConfiguration$$EnhancerBySpringCGLIB$$ede3948b] is not eligible for getting processed by all BeanPostProcessors (for example: not eligible for auto-proxying)
2020-01-03 15:04:11.745  INFO 13092 --- [restartedMain] trationDelegate$BeanPostProcessorChecker : Bean 'org.springframework.boot.autoconfigure.jdbc.DataSourceConfiguration$Hikari' of type [org.springframework.boot.autoconfigure.jdbc.DataSourceConfiguration$Hikari] is not eligible for getting processed by all BeanPostProcessors (for example: not eligible for auto-proxying)
2020-01-03 15:04:11.752  INFO 13092 --- [restartedMain] trationDelegate$BeanPostProcessorChecker : Bean 'spring.datasource-org.springframework.boot.autoconfigure.jdbc.DataSourceProperties' of type [org.springframework.boot.autoconfigure.jdbc.DataSourceProperties] is not eligible for getting processed by all BeanPostProcessors (for example: not eligible for auto-proxying)
2020-01-03 15:04:11.781  INFO 13092 --- [restartedMain] trationDelegate$BeanPostProcessorChecker : Bean 'dataSource' of type [com.zaxxer.hikari.HikariDataSource] is not eligible for getting processed by all BeanPostProcessors (for example: not eligible for auto-proxying)
2020-01-03 15:04:12.211  INFO 13092 --- [restartedMain] trationDelegate$BeanPostProcessorChecker : Bean 'sqlSessionFactory' of type [org.apache.ibatis.session.defaults.DefaultSqlSessionFactory] is not eligible for getting processed by all BeanPostProcessors (for example: not eligible for auto-proxying)
2020-01-03 15:04:12.216  INFO 13092 --- [restartedMain] trationDelegate$BeanPostProcessorChecker : Bean 'sqlSessionTemplate' of type [org.mybatis.spring.SqlSessionTemplate] is not eligible for getting processed by all BeanPostProcessors (for example: not eligible for auto-proxying)
2020-01-03 15:04:12.217  INFO 13092 --- [restartedMain] trationDelegate$BeanPostProcessorChecker : Bean 'sysUserMapper' of type [org.mybatis.spring.mapper.MapperFactoryBean] is not eligible for getting processed by all BeanPostProcessors (for example: not eligible for auto-proxying)
2020-01-03 15:04:12.220  INFO 13092 --- [restartedMain] trationDelegate$BeanPostProcessorChecker : Bean 'sysUserMapper' of type [com.sun.proxy.$Proxy68] is not eligible for getting processed by all BeanPostProcessors (for example: not eligible for auto-proxying)
2020-01-03 15:04:12.222  INFO 13092 --- [restartedMain] trationDelegate$BeanPostProcessorChecker : Bean 'sysResourcesMapper' of type [org.mybatis.spring.mapper.MapperFactoryBean] is not eligible for getting processed by all BeanPostProcessors (for example: not eligible for auto-proxying)
2020-01-03 15:04:12.224  INFO 13092 --- [restartedMain] trationDelegate$BeanPostProcessorChecker : Bean 'sysResourcesMapper' of type [com.sun.proxy.$Proxy69] is not eligible for getting processed by all BeanPostProcessors (for example: not eligible for auto-proxying)
2020-01-03 15:04:12.226  INFO 13092 --- [restartedMain] trationDelegate$BeanPostProcessorChecker : Bean 'sysRoleMapper' of type [org.mybatis.spring.mapper.MapperFactoryBean] is not eligible for getting processed by all BeanPostProcessors (for example: not eligible for auto-proxying)
2020-01-03 15:04:12.227  INFO 13092 --- [restartedMain] trationDelegate$BeanPostProcessorChecker : Bean 'sysRoleMapper' of type [com.sun.proxy.$Proxy70] is not eligible for getting processed by all BeanPostProcessors (for example: not eligible for auto-proxying)
2020-01-03 15:04:12.230  INFO 13092 --- [restartedMain] trationDelegate$BeanPostProcessorChecker : Bean 'sysUserRoleMapper' of type [org.mybatis.spring.mapper.MapperFactoryBean] is not eligible for getting processed by all BeanPostProcessors (for example: not eligible for auto-proxying)
2020-01-03 15:04:12.231  INFO 13092 --- [restartedMain] trationDelegate$BeanPostProcessorChecker : Bean 'sysUserRoleMapper' of type [com.sun.proxy.$Proxy71] is not eligible for getting processed by all BeanPostProcessors (for example: not eligible for auto-proxying)
2020-01-03 15:04:12.232  INFO 13092 --- [restartedMain] trationDelegate$BeanPostProcessorChecker : Bean 'sysUserServiceImpl' of type [com.king.library.sys.service.impl.SysUserServiceImpl] is not eligible for getting processed by all BeanPostProcessors (for example: not eligible for auto-proxying)
2020-01-03 15:04:12.234  INFO 13092 --- [restartedMain] trationDelegate$BeanPostProcessorChecker : Bean 'sysResourcesServiceImpl' of type [com.king.library.sys.service.impl.SysResourcesServiceImpl] is not eligible for getting processed by all BeanPostProcessors (for example: not eligible for auto-proxying)
2020-01-03 15:04:12.235  INFO 13092 --- [restartedMain] trationDelegate$BeanPostProcessorChecker : Bean 'userRealm' of type [com.king.library.config.shiro.UserRealm] is not eligible for getting processed by all BeanPostProcessors (for example: not eligible for auto-proxying)
2020-01-03 15:04:12.239  INFO 13092 --- [restartedMain] trationDelegate$BeanPostProcessorChecker : Bean 'securityManager' of type [org.apache.shiro.web.mgt.DefaultWebSecurityManager] is not eligible for getting processed by all BeanPostProcessors (for example: not eligible for auto-proxying)
2020-01-03 15:04:12.280  INFO 13092 --- [restartedMain] trationDelegate$BeanPostProcessorChecker : Bean 'org.springframework.transaction.annotation.ProxyTransactionManagementConfiguration' of type [org.springframework.transaction.annotation.ProxyTransactionManagementConfiguration] is not eligible for getting processed by all BeanPostProcessors (for example: not eligible for auto-proxying)
2020-01-03 15:04:12.292  INFO 13092 --- [restartedMain] trationDelegate$BeanPostProcessorChecker : Bean 'authorizationAttributeSourceAdvisor' of type [org.apache.shiro.spring.security.interceptor.AuthorizationAttributeSourceAdvisor] is not eligible for getting processed by all BeanPostProcessors (for example: not eligible for auto-proxying)
2020-01-03 15:04:12.693  INFO 13092 --- [restartedMain] o.s.b.w.embedded.tomcat.TomcatWebServer  : Tomcat initialized with port(s): 8090 (http)
2020-01-03 15:04:12.703  INFO 13092 --- [restartedMain] o.apache.catalina.core.StandardService   : Starting service [Tomcat]
2020-01-03 15:04:12.704  INFO 13092 --- [restartedMain] org.apache.catalina.core.StandardEngine  : Starting Servlet engine: [Apache Tomcat/9.0.29]
2020-01-03 15:04:12.918  INFO 13092 --- [restartedMain] o.a.c.c.C.[Tomcat].[localhost].[/]       : Initializing Spring embedded WebApplicationContext
2020-01-03 15:04:12.918  INFO 13092 --- [restartedMain] o.s.web.context.ContextLoader            : Root WebApplicationContext: initialization completed in 3271 ms
2020-01-03 15:04:13.341  INFO 13092 --- [restartedMain] o.s.s.concurrent.ThreadPoolTaskExecutor  : Initializing ExecutorService 'applicationTaskExecutor'
2020-01-03 15:04:13.439  INFO 13092 --- [restartedMain] o.s.b.a.w.s.WelcomePageHandlerMapping    : Adding welcome page template: index
2020-01-03 15:04:13.529  WARN 13092 --- [restartedMain] org.thymeleaf.templatemode.TemplateMode  : [THYMELEAF][restartedMain] Template Mode 'HTML5' is deprecated. Using Template Mode 'HTML' instead.
2020-01-03 15:04:13.767  INFO 13092 --- [restartedMain] o.s.b.d.a.OptionalLiveReloadServer       : LiveReload server is running on port 35729
2020-01-03 15:04:13.964  INFO 13092 --- [restartedMain] o.s.b.w.embedded.tomcat.TomcatWebServer  : Tomcat started on port(s): 8090 (http) with context path ''
2020-01-03 15:04:13.970  INFO 13092 --- [restartedMain] com.king.library.LibraryApplication      : Started LibraryApplication in 4.945 seconds (JVM running for 6.538)
2020-01-03 15:05:06.898  INFO 13092 --- [SpringContextShutdownHook] o.s.s.concurrent.ThreadPoolTaskExecutor  : Shutting down ExecutorService 'applicationTaskExecutor'
2020-01-03 15:05:15.845  INFO 9480 --- [restartedMain] com.king.library.LibraryApplication      : Starting LibraryApplication on LAPTOP-GDR07O3F with PID 9480 (E:\ideaspace\library\target\classes started by Yun in E:\ideaspace\library)
2020-01-03 15:05:15.849  INFO 9480 --- [restartedMain] com.king.library.LibraryApplication      : No active profile set, falling back to default profiles: default
2020-01-03 15:05:15.961  INFO 9480 --- [restartedMain] o.s.b.devtools.restart.ChangeableUrls    : The Class-Path manifest attribute in D:\develop\maven-repository\cn\easyproject\orai18n\12.1.0.2.0\orai18n-12.1.0.2.0.jar referenced one or more files that do not exist: file:/D:/develop/maven-repository/cn/easyproject/orai18n/12.1.0.2.0/orai18n-mapping.jar,file:/D:/develop/maven-repository/cn/easyproject/orai18n/12.1.0.2.0/orai18n-utility.jar,file:/D:/develop/maven-repository/cn/easyproject/orai18n/12.1.0.2.0/orai18n-collation.jar,file:/D:/develop/maven-repository/cn/easyproject/orai18n/12.1.0.2.0/orai18n-translation.jar,file:/D:/develop/maven-repository/cn/easyproject/orai18n/12.1.0.2.0/orai18n-net.jar,file:/D:/develop/maven-repository/cn/easyproject/orai18n/12.1.0.2.0/orai18n-servlet.jar,file:/D:/develop/maven-repository/cn/easyproject/orai18n/12.1.0.2.0/orai18n-lcsd.jar,file:/D:/develop/maven-repository/cn/easyproject/orai18n/12.1.0.2.0/orai18n-tools.jar,file:/D:/develop/maven-repository/cn/easyproject/orai18n/12.1.0.2.0/gdk_custom.jar
2020-01-03 15:05:15.962  INFO 9480 --- [restartedMain] .e.DevToolsPropertyDefaultsPostProcessor : Devtools property defaults active! Set 'spring.devtools.add-properties' to 'false' to disable
2020-01-03 15:05:15.962  INFO 9480 --- [restartedMain] .e.DevToolsPropertyDefaultsPostProcessor : For additional web related logging consider setting the 'logging.level.web' property to 'DEBUG'
2020-01-03 15:05:16.946  WARN 9480 --- [restartedMain] o.m.s.mapper.ClassPathMapperScanner      : Skipping MapperFactoryBean with name 'sysMenuMapper' and 'com.king.library.sys.mapper.SysMenuMapper' mapperInterface. Bean already defined with the same name!
2020-01-03 15:05:16.947  WARN 9480 --- [restartedMain] o.m.s.mapper.ClassPathMapperScanner      : Skipping MapperFactoryBean with name 'sysResourcesMapper' and 'com.king.library.sys.mapper.SysResourcesMapper' mapperInterface. Bean already defined with the same name!
2020-01-03 15:05:16.947  WARN 9480 --- [restartedMain] o.m.s.mapper.ClassPathMapperScanner      : Skipping MapperFactoryBean with name 'sysRoleMapper' and 'com.king.library.sys.mapper.SysRoleMapper' mapperInterface. Bean already defined with the same name!
2020-01-03 15:05:16.947  WARN 9480 --- [restartedMain] o.m.s.mapper.ClassPathMapperScanner      : Skipping MapperFactoryBean with name 'sysRoleResourcesMapper' and 'com.king.library.sys.mapper.SysRoleResourcesMapper' mapperInterface. Bean already defined with the same name!
2020-01-03 15:05:16.947  WARN 9480 --- [restartedMain] o.m.s.mapper.ClassPathMapperScanner      : Skipping MapperFactoryBean with name 'sysUserMapper' and 'com.king.library.sys.mapper.SysUserMapper' mapperInterface. Bean already defined with the same name!
2020-01-03 15:05:16.947  WARN 9480 --- [restartedMain] o.m.s.mapper.ClassPathMapperScanner      : Skipping MapperFactoryBean with name 'sysUserRoleMapper' and 'com.king.library.sys.mapper.SysUserRoleMapper' mapperInterface. Bean already defined with the same name!
2020-01-03 15:05:16.948  WARN 9480 --- [restartedMain] o.m.s.mapper.ClassPathMapperScanner      : No MyBatis mapper was found in '[com.king.library.sys.mapper]' package. Please check your configuration.
2020-01-03 15:05:17.094  INFO 9480 --- [restartedMain] trationDelegate$BeanPostProcessorChecker : Bean 'shiroConfiguration' of type [com.king.library.config.shiro.ShiroConfiguration$$EnhancerBySpringCGLIB$$bb1523f3] is not eligible for getting processed by all BeanPostProcessors (for example: not eligible for auto-proxying)
2020-01-03 15:05:18.027  INFO 9480 --- [restartedMain] trationDelegate$BeanPostProcessorChecker : Bean 'mybatis-plus-com.baomidou.mybatisplus.autoconfigure.MybatisPlusProperties' of type [com.baomidou.mybatisplus.autoconfigure.MybatisPlusProperties] is not eligible for getting processed by all BeanPostProcessors (for example: not eligible for auto-proxying)
2020-01-03 15:05:18.031  INFO 9480 --- [restartedMain] trationDelegate$BeanPostProcessorChecker : Bean 'mybatisPlusConfig' of type [com.king.library.config.system.MybatisPlusConfig$$EnhancerBySpringCGLIB$$12ae9f81] is not eligible for getting processed by all BeanPostProcessors (for example: not eligible for auto-proxying)
2020-01-03 15:05:18.035  INFO 9480 --- [restartedMain] trationDelegate$BeanPostProcessorChecker : Bean 'paginationInterceptor' of type [com.baomidou.mybatisplus.extension.plugins.PaginationInterceptor] is not eligible for getting processed by all BeanPostProcessors (for example: not eligible for auto-proxying)
2020-01-03 15:05:18.041  INFO 9480 --- [restartedMain] trationDelegate$BeanPostProcessorChecker : Bean 'com.baomidou.mybatisplus.autoconfigure.MybatisPlusAutoConfiguration' of type [com.baomidou.mybatisplus.autoconfigure.MybatisPlusAutoConfiguration$$EnhancerBySpringCGLIB$$c9db7e57] is not eligible for getting processed by all BeanPostProcessors (for example: not eligible for auto-proxying)
2020-01-03 15:05:18.042  INFO 9480 --- [restartedMain] trationDelegate$BeanPostProcessorChecker : Bean 'org.springframework.boot.autoconfigure.jdbc.DataSourceConfiguration$Hikari' of type [org.springframework.boot.autoconfigure.jdbc.DataSourceConfiguration$Hikari] is not eligible for getting processed by all BeanPostProcessors (for example: not eligible for auto-proxying)
2020-01-03 15:05:18.050  INFO 9480 --- [restartedMain] trationDelegate$BeanPostProcessorChecker : Bean 'spring.datasource-org.springframework.boot.autoconfigure.jdbc.DataSourceProperties' of type [org.springframework.boot.autoconfigure.jdbc.DataSourceProperties] is not eligible for getting processed by all BeanPostProcessors (for example: not eligible for auto-proxying)
2020-01-03 15:05:18.075  INFO 9480 --- [restartedMain] trationDelegate$BeanPostProcessorChecker : Bean 'dataSource' of type [com.zaxxer.hikari.HikariDataSource] is not eligible for getting processed by all BeanPostProcessors (for example: not eligible for auto-proxying)
2020-01-03 15:05:18.477  INFO 9480 --- [restartedMain] trationDelegate$BeanPostProcessorChecker : Bean 'sqlSessionFactory' of type [org.apache.ibatis.session.defaults.DefaultSqlSessionFactory] is not eligible for getting processed by all BeanPostProcessors (for example: not eligible for auto-proxying)
2020-01-03 15:05:18.481  INFO 9480 --- [restartedMain] trationDelegate$BeanPostProcessorChecker : Bean 'sqlSessionTemplate' of type [org.mybatis.spring.SqlSessionTemplate] is not eligible for getting processed by all BeanPostProcessors (for example: not eligible for auto-proxying)
2020-01-03 15:05:18.482  INFO 9480 --- [restartedMain] trationDelegate$BeanPostProcessorChecker : Bean 'sysUserMapper' of type [org.mybatis.spring.mapper.MapperFactoryBean] is not eligible for getting processed by all BeanPostProcessors (for example: not eligible for auto-proxying)
2020-01-03 15:05:18.485  INFO 9480 --- [restartedMain] trationDelegate$BeanPostProcessorChecker : Bean 'sysUserMapper' of type [com.sun.proxy.$Proxy68] is not eligible for getting processed by all BeanPostProcessors (for example: not eligible for auto-proxying)
2020-01-03 15:05:18.488  INFO 9480 --- [restartedMain] trationDelegate$BeanPostProcessorChecker : Bean 'sysResourcesMapper' of type [org.mybatis.spring.mapper.MapperFactoryBean] is not eligible for getting processed by all BeanPostProcessors (for example: not eligible for auto-proxying)
2020-01-03 15:05:18.489  INFO 9480 --- [restartedMain] trationDelegate$BeanPostProcessorChecker : Bean 'sysResourcesMapper' of type [com.sun.proxy.$Proxy69] is not eligible for getting processed by all BeanPostProcessors (for example: not eligible for auto-proxying)
2020-01-03 15:05:18.491  INFO 9480 --- [restartedMain] trationDelegate$BeanPostProcessorChecker : Bean 'sysRoleMapper' of type [org.mybatis.spring.mapper.MapperFactoryBean] is not eligible for getting processed by all BeanPostProcessors (for example: not eligible for auto-proxying)
2020-01-03 15:05:18.493  INFO 9480 --- [restartedMain] trationDelegate$BeanPostProcessorChecker : Bean 'sysRoleMapper' of type [com.sun.proxy.$Proxy70] is not eligible for getting processed by all BeanPostProcessors (for example: not eligible for auto-proxying)
2020-01-03 15:05:18.495  INFO 9480 --- [restartedMain] trationDelegate$BeanPostProcessorChecker : Bean 'sysUserRoleMapper' of type [org.mybatis.spring.mapper.MapperFactoryBean] is not eligible for getting processed by all BeanPostProcessors (for example: not eligible for auto-proxying)
2020-01-03 15:05:18.496  INFO 9480 --- [restartedMain] trationDelegate$BeanPostProcessorChecker : Bean 'sysUserRoleMapper' of type [com.sun.proxy.$Proxy71] is not eligible for getting processed by all BeanPostProcessors (for example: not eligible for auto-proxying)
2020-01-03 15:05:18.497  INFO 9480 --- [restartedMain] trationDelegate$BeanPostProcessorChecker : Bean 'sysUserServiceImpl' of type [com.king.library.sys.service.impl.SysUserServiceImpl] is not eligible for getting processed by all BeanPostProcessors (for example: not eligible for auto-proxying)
2020-01-03 15:05:18.499  INFO 9480 --- [restartedMain] trationDelegate$BeanPostProcessorChecker : Bean 'sysResourcesServiceImpl' of type [com.king.library.sys.service.impl.SysResourcesServiceImpl] is not eligible for getting processed by all BeanPostProcessors (for example: not eligible for auto-proxying)
2020-01-03 15:05:18.500  INFO 9480 --- [restartedMain] trationDelegate$BeanPostProcessorChecker : Bean 'userRealm' of type [com.king.library.config.shiro.UserRealm] is not eligible for getting processed by all BeanPostProcessors (for example: not eligible for auto-proxying)
2020-01-03 15:05:18.503  INFO 9480 --- [restartedMain] trationDelegate$BeanPostProcessorChecker : Bean 'securityManager' of type [org.apache.shiro.web.mgt.DefaultWebSecurityManager] is not eligible for getting processed by all BeanPostProcessors (for example: not eligible for auto-proxying)
2020-01-03 15:05:18.546  INFO 9480 --- [restartedMain] trationDelegate$BeanPostProcessorChecker : Bean 'org.springframework.transaction.annotation.ProxyTransactionManagementConfiguration' of type [org.springframework.transaction.annotation.ProxyTransactionManagementConfiguration] is not eligible for getting processed by all BeanPostProcessors (for example: not eligible for auto-proxying)
2020-01-03 15:05:18.559  INFO 9480 --- [restartedMain] trationDelegate$BeanPostProcessorChecker : Bean 'authorizationAttributeSourceAdvisor' of type [org.apache.shiro.spring.security.interceptor.AuthorizationAttributeSourceAdvisor] is not eligible for getting processed by all BeanPostProcessors (for example: not eligible for auto-proxying)
2020-01-03 15:05:19.107  INFO 9480 --- [restartedMain] o.s.b.w.embedded.tomcat.TomcatWebServer  : Tomcat initialized with port(s): 8090 (http)
2020-01-03 15:05:19.118  INFO 9480 --- [restartedMain] o.apache.catalina.core.StandardService   : Starting service [Tomcat]
2020-01-03 15:05:19.118  INFO 9480 --- [restartedMain] org.apache.catalina.core.StandardEngine  : Starting Servlet engine: [Apache Tomcat/9.0.29]
2020-01-03 15:05:19.211  INFO 9480 --- [restartedMain] o.a.c.c.C.[Tomcat].[localhost].[/]       : Initializing Spring embedded WebApplicationContext
2020-01-03 15:05:19.212  INFO 9480 --- [restartedMain] o.s.web.context.ContextLoader            : Root WebApplicationContext: initialization completed in 3247 ms
2020-01-03 15:05:19.632  INFO 9480 --- [restartedMain] o.s.s.concurrent.ThreadPoolTaskExecutor  : Initializing ExecutorService 'applicationTaskExecutor'
2020-01-03 15:05:19.729  INFO 9480 --- [restartedMain] o.s.b.a.w.s.WelcomePageHandlerMapping    : Adding welcome page template: index
2020-01-03 15:05:19.816  WARN 9480 --- [restartedMain] org.thymeleaf.templatemode.TemplateMode  : [THYMELEAF][restartedMain] Template Mode 'HTML5' is deprecated. Using Template Mode 'HTML' instead.
2020-01-03 15:05:20.054  INFO 9480 --- [restartedMain] o.s.b.d.a.OptionalLiveReloadServer       : LiveReload server is running on port 35729
2020-01-03 15:05:20.123  INFO 9480 --- [restartedMain] o.s.b.w.embedded.tomcat.TomcatWebServer  : Tomcat started on port(s): 8090 (http) with context path ''
2020-01-03 15:05:20.128  INFO 9480 --- [restartedMain] com.king.library.LibraryApplication      : Started LibraryApplication in 4.816 seconds (JVM running for 6.481)
2020-01-03 15:06:02.977  INFO 9480 --- [SpringContextShutdownHook] o.s.s.concurrent.ThreadPoolTaskExecutor  : Shutting down ExecutorService 'applicationTaskExecutor'
2020-01-03 15:06:33.503  INFO 11064 --- [restartedMain] com.king.library.LibraryApplication      : Starting LibraryApplication on LAPTOP-GDR07O3F with PID 11064 (E:\ideaspace\library\target\classes started by Yun in E:\ideaspace\library)
2020-01-03 15:06:33.507  INFO 11064 --- [restartedMain] com.king.library.LibraryApplication      : No active profile set, falling back to default profiles: default
2020-01-03 15:06:33.581  INFO 11064 --- [restartedMain] o.s.b.devtools.restart.ChangeableUrls    : The Class-Path manifest attribute in D:\develop\maven-repository\cn\easyproject\orai18n\12.1.0.2.0\orai18n-12.1.0.2.0.jar referenced one or more files that do not exist: file:/D:/develop/maven-repository/cn/easyproject/orai18n/12.1.0.2.0/orai18n-mapping.jar,file:/D:/develop/maven-repository/cn/easyproject/orai18n/12.1.0.2.0/orai18n-utility.jar,file:/D:/develop/maven-repository/cn/easyproject/orai18n/12.1.0.2.0/orai18n-collation.jar,file:/D:/develop/maven-repository/cn/easyproject/orai18n/12.1.0.2.0/orai18n-translation.jar,file:/D:/develop/maven-repository/cn/easyproject/orai18n/12.1.0.2.0/orai18n-net.jar,file:/D:/develop/maven-repository/cn/easyproject/orai18n/12.1.0.2.0/orai18n-servlet.jar,file:/D:/develop/maven-repository/cn/easyproject/orai18n/12.1.0.2.0/orai18n-lcsd.jar,file:/D:/develop/maven-repository/cn/easyproject/orai18n/12.1.0.2.0/orai18n-tools.jar,file:/D:/develop/maven-repository/cn/easyproject/orai18n/12.1.0.2.0/gdk_custom.jar
2020-01-03 15:06:33.582  INFO 11064 --- [restartedMain] .e.DevToolsPropertyDefaultsPostProcessor : Devtools property defaults active! Set 'spring.devtools.add-properties' to 'false' to disable
2020-01-03 15:06:33.582  INFO 11064 --- [restartedMain] .e.DevToolsPropertyDefaultsPostProcessor : For additional web related logging consider setting the 'logging.level.web' property to 'DEBUG'
2020-01-03 15:06:34.471  WARN 11064 --- [restartedMain] o.m.s.mapper.ClassPathMapperScanner      : Skipping MapperFactoryBean with name 'sysMenuMapper' and 'com.king.library.sys.mapper.SysMenuMapper' mapperInterface. Bean already defined with the same name!
2020-01-03 15:06:34.471  WARN 11064 --- [restartedMain] o.m.s.mapper.ClassPathMapperScanner      : Skipping MapperFactoryBean with name 'sysResourcesMapper' and 'com.king.library.sys.mapper.SysResourcesMapper' mapperInterface. Bean already defined with the same name!
2020-01-03 15:06:34.471  WARN 11064 --- [restartedMain] o.m.s.mapper.ClassPathMapperScanner      : Skipping MapperFactoryBean with name 'sysRoleMapper' and 'com.king.library.sys.mapper.SysRoleMapper' mapperInterface. Bean already defined with the same name!
2020-01-03 15:06:34.472  WARN 11064 --- [restartedMain] o.m.s.mapper.ClassPathMapperScanner      : Skipping MapperFactoryBean with name 'sysRoleResourcesMapper' and 'com.king.library.sys.mapper.SysRoleResourcesMapper' mapperInterface. Bean already defined with the same name!
2020-01-03 15:06:34.472  WARN 11064 --- [restartedMain] o.m.s.mapper.ClassPathMapperScanner      : Skipping MapperFactoryBean with name 'sysUserMapper' and 'com.king.library.sys.mapper.SysUserMapper' mapperInterface. Bean already defined with the same name!
2020-01-03 15:06:34.472  WARN 11064 --- [restartedMain] o.m.s.mapper.ClassPathMapperScanner      : Skipping MapperFactoryBean with name 'sysUserRoleMapper' and 'com.king.library.sys.mapper.SysUserRoleMapper' mapperInterface. Bean already defined with the same name!
2020-01-03 15:06:34.472  WARN 11064 --- [restartedMain] o.m.s.mapper.ClassPathMapperScanner      : No MyBatis mapper was found in '[com.king.library.sys.mapper]' package. Please check your configuration.
2020-01-03 15:06:34.620  INFO 11064 --- [restartedMain] trationDelegate$BeanPostProcessorChecker : Bean 'shiroConfiguration' of type [com.king.library.config.shiro.ShiroConfiguration$$EnhancerBySpringCGLIB$$161774bc] is not eligible for getting processed by all BeanPostProcessors (for example: not eligible for auto-proxying)
2020-01-03 15:06:35.575  INFO 11064 --- [restartedMain] trationDelegate$BeanPostProcessorChecker : Bean 'mybatis-plus-com.baomidou.mybatisplus.autoconfigure.MybatisPlusProperties' of type [com.baomidou.mybatisplus.autoconfigure.MybatisPlusProperties] is not eligible for getting processed by all BeanPostProcessors (for example: not eligible for auto-proxying)
2020-01-03 15:06:35.578  INFO 11064 --- [restartedMain] trationDelegate$BeanPostProcessorChecker : Bean 'mybatisPlusConfig' of type [com.king.library.config.system.MybatisPlusConfig$$EnhancerBySpringCGLIB$$6db0f04a] is not eligible for getting processed by all BeanPostProcessors (for example: not eligible for auto-proxying)
2020-01-03 15:06:35.582  INFO 11064 --- [restartedMain] trationDelegate$BeanPostProcessorChecker : Bean 'paginationInterceptor' of type [com.baomidou.mybatisplus.extension.plugins.PaginationInterceptor] is not eligible for getting processed by all BeanPostProcessors (for example: not eligible for auto-proxying)
2020-01-03 15:06:35.588  INFO 11064 --- [restartedMain] trationDelegate$BeanPostProcessorChecker : Bean 'com.baomidou.mybatisplus.autoconfigure.MybatisPlusAutoConfiguration' of type [com.baomidou.mybatisplus.autoconfigure.MybatisPlusAutoConfiguration$$EnhancerBySpringCGLIB$$24ddcf20] is not eligible for getting processed by all BeanPostProcessors (for example: not eligible for auto-proxying)
2020-01-03 15:06:35.589  INFO 11064 --- [restartedMain] trationDelegate$BeanPostProcessorChecker : Bean 'org.springframework.boot.autoconfigure.jdbc.DataSourceConfiguration$Hikari' of type [org.springframework.boot.autoconfigure.jdbc.DataSourceConfiguration$Hikari] is not eligible for getting processed by all BeanPostProcessors (for example: not eligible for auto-proxying)
2020-01-03 15:06:35.595  INFO 11064 --- [restartedMain] trationDelegate$BeanPostProcessorChecker : Bean 'spring.datasource-org.springframework.boot.autoconfigure.jdbc.DataSourceProperties' of type [org.springframework.boot.autoconfigure.jdbc.DataSourceProperties] is not eligible for getting processed by all BeanPostProcessors (for example: not eligible for auto-proxying)
2020-01-03 15:06:35.622  INFO 11064 --- [restartedMain] trationDelegate$BeanPostProcessorChecker : Bean 'dataSource' of type [com.zaxxer.hikari.HikariDataSource] is not eligible for getting processed by all BeanPostProcessors (for example: not eligible for auto-proxying)
2020-01-03 15:06:36.059  INFO 11064 --- [restartedMain] trationDelegate$BeanPostProcessorChecker : Bean 'sqlSessionFactory' of type [org.apache.ibatis.session.defaults.DefaultSqlSessionFactory] is not eligible for getting processed by all BeanPostProcessors (for example: not eligible for auto-proxying)
2020-01-03 15:06:36.065  INFO 11064 --- [restartedMain] trationDelegate$BeanPostProcessorChecker : Bean 'sqlSessionTemplate' of type [org.mybatis.spring.SqlSessionTemplate] is not eligible for getting processed by all BeanPostProcessors (for example: not eligible for auto-proxying)
2020-01-03 15:06:36.066  INFO 11064 --- [restartedMain] trationDelegate$BeanPostProcessorChecker : Bean 'sysUserMapper' of type [org.mybatis.spring.mapper.MapperFactoryBean] is not eligible for getting processed by all BeanPostProcessors (for example: not eligible for auto-proxying)
2020-01-03 15:06:36.069  INFO 11064 --- [restartedMain] trationDelegate$BeanPostProcessorChecker : Bean 'sysUserMapper' of type [com.sun.proxy.$Proxy68] is not eligible for getting processed by all BeanPostProcessors (for example: not eligible for auto-proxying)
2020-01-03 15:06:36.072  INFO 11064 --- [restartedMain] trationDelegate$BeanPostProcessorChecker : Bean 'sysResourcesMapper' of type [org.mybatis.spring.mapper.MapperFactoryBean] is not eligible for getting processed by all BeanPostProcessors (for example: not eligible for auto-proxying)
2020-01-03 15:06:36.074  INFO 11064 --- [restartedMain] trationDelegate$BeanPostProcessorChecker : Bean 'sysResourcesMapper' of type [com.sun.proxy.$Proxy69] is not eligible for getting processed by all BeanPostProcessors (for example: not eligible for auto-proxying)
2020-01-03 15:06:36.075  INFO 11064 --- [restartedMain] trationDelegate$BeanPostProcessorChecker : Bean 'sysRoleMapper' of type [org.mybatis.spring.mapper.MapperFactoryBean] is not eligible for getting processed by all BeanPostProcessors (for example: not eligible for auto-proxying)
2020-01-03 15:06:36.077  INFO 11064 --- [restartedMain] trationDelegate$BeanPostProcessorChecker : Bean 'sysRoleMapper' of type [com.sun.proxy.$Proxy70] is not eligible for getting processed by all BeanPostProcessors (for example: not eligible for auto-proxying)
2020-01-03 15:06:36.079  INFO 11064 --- [restartedMain] trationDelegate$BeanPostProcessorChecker : Bean 'sysUserRoleMapper' of type [org.mybatis.spring.mapper.MapperFactoryBean] is not eligible for getting processed by all BeanPostProcessors (for example: not eligible for auto-proxying)
2020-01-03 15:06:36.080  INFO 11064 --- [restartedMain] trationDelegate$BeanPostProcessorChecker : Bean 'sysUserRoleMapper' of type [com.sun.proxy.$Proxy71] is not eligible for getting processed by all BeanPostProcessors (for example: not eligible for auto-proxying)
2020-01-03 15:06:36.081  INFO 11064 --- [restartedMain] trationDelegate$BeanPostProcessorChecker : Bean 'sysUserServiceImpl' of type [com.king.library.sys.service.impl.SysUserServiceImpl] is not eligible for getting processed by all BeanPostProcessors (for example: not eligible for auto-proxying)
2020-01-03 15:06:36.083  INFO 11064 --- [restartedMain] trationDelegate$BeanPostProcessorChecker : Bean 'sysResourcesServiceImpl' of type [com.king.library.sys.service.impl.SysResourcesServiceImpl] is not eligible for getting processed by all BeanPostProcessors (for example: not eligible for auto-proxying)
2020-01-03 15:06:36.084  INFO 11064 --- [restartedMain] trationDelegate$BeanPostProcessorChecker : Bean 'userRealm' of type [com.king.library.config.shiro.UserRealm] is not eligible for getting processed by all BeanPostProcessors (for example: not eligible for auto-proxying)
2020-01-03 15:06:36.088  INFO 11064 --- [restartedMain] trationDelegate$BeanPostProcessorChecker : Bean 'securityManager' of type [org.apache.shiro.web.mgt.DefaultWebSecurityManager] is not eligible for getting processed by all BeanPostProcessors (for example: not eligible for auto-proxying)
2020-01-03 15:06:36.130  INFO 11064 --- [restartedMain] trationDelegate$BeanPostProcessorChecker : Bean 'org.springframework.transaction.annotation.ProxyTransactionManagementConfiguration' of type [org.springframework.transaction.annotation.ProxyTransactionManagementConfiguration] is not eligible for getting processed by all BeanPostProcessors (for example: not eligible for auto-proxying)
2020-01-03 15:06:36.141  INFO 11064 --- [restartedMain] trationDelegate$BeanPostProcessorChecker : Bean 'authorizationAttributeSourceAdvisor' of type [org.apache.shiro.spring.security.interceptor.AuthorizationAttributeSourceAdvisor] is not eligible for getting processed by all BeanPostProcessors (for example: not eligible for auto-proxying)
2020-01-03 15:06:36.574  INFO 11064 --- [restartedMain] o.s.b.w.embedded.tomcat.TomcatWebServer  : Tomcat initialized with port(s): 8090 (http)
2020-01-03 15:06:36.605  INFO 11064 --- [restartedMain] o.apache.catalina.core.StandardService   : Starting service [Tomcat]
2020-01-03 15:06:36.608  INFO 11064 --- [restartedMain] org.apache.catalina.core.StandardEngine  : Starting Servlet engine: [Apache Tomcat/9.0.29]
2020-01-03 15:06:36.713  INFO 11064 --- [restartedMain] o.a.c.c.C.[Tomcat].[localhost].[/]       : Initializing Spring embedded WebApplicationContext
2020-01-03 15:06:36.713  INFO 11064 --- [restartedMain] o.s.web.context.ContextLoader            : Root WebApplicationContext: initialization completed in 3131 ms
2020-01-03 15:06:37.156  INFO 11064 --- [restartedMain] o.s.s.concurrent.ThreadPoolTaskExecutor  : Initializing ExecutorService 'applicationTaskExecutor'
2020-01-03 15:06:37.253  INFO 11064 --- [restartedMain] o.s.b.a.w.s.WelcomePageHandlerMapping    : Adding welcome page template: index
2020-01-03 15:06:37.337  WARN 11064 --- [restartedMain] org.thymeleaf.templatemode.TemplateMode  : [THYMELEAF][restartedMain] Template Mode 'HTML5' is deprecated. Using Template Mode 'HTML' instead.
2020-01-03 15:06:37.624  INFO 11064 --- [restartedMain] o.s.b.d.a.OptionalLiveReloadServer       : LiveReload server is running on port 35729
2020-01-03 15:06:37.717  INFO 11064 --- [restartedMain] o.s.b.w.embedded.tomcat.TomcatWebServer  : Tomcat started on port(s): 8090 (http) with context path ''
2020-01-03 15:06:37.721  INFO 11064 --- [restartedMain] com.king.library.LibraryApplication      : Started LibraryApplication in 4.732 seconds (JVM running for 6.739)
2020-01-03 15:07:12.353  INFO 11064 --- [Thread-14] o.s.s.concurrent.ThreadPoolTaskExecutor  : Shutting down ExecutorService 'applicationTaskExecutor'
